[13:27:59] [Server thread/INFO]: Starting minecraft server version 1.11.2
[13:27:59] [Server thread/INFO]: Loading properties
[13:27:59] [Server thread/INFO]: Default game type: SURVIVAL
[13:27:59] [Server thread/INFO]: Generating keypair
[13:27:59] [Server thread/INFO]: Starting Minecraft server on *:25565
[13:27:59] [Server thread/INFO]: Using epoll channel type
[13:27:59] [Server thread/INFO]: Preparing level "world"
[13:27:59] [Server thread/INFO]: Preparing start region for level 0
[13:28:00] [Server thread/INFO]: Preparing spawn area: 1%
[13:28:01] [Server thread/INFO]: Preparing spawn area: 73%
[13:28:01] [Server thread/INFO]: Done (2.475s)! For help, type "help" or "?"
[13:31:19] [User Authenticator #1/INFO]: UUID of player lord0gnome is 50b1244c-fe2e-4258-a473-810e2ef56e09
[13:31:19] [Server thread/INFO]: lord0gnome[/78.193.234.231:52765] logged in with entity id 221 at (-5923.4790320505845, 96.0, -209.2108229597258)
[13:31:19] [Server thread/INFO]: lord0gnome joined the game
[13:31:58] [Server thread/INFO]: lord0gnome has just earned the achievement [Enchanter]
[13:37:22] [User Authenticator #2/INFO]: UUID of player dixminous is c172bf41-f77c-4eb0-b1ec-bb67c93987d7
[13:37:22] [Server thread/INFO]: dixminous[/78.193.234.231:58820] logged in with entity id 8591 at (-5921.616425861768, 96.0, -207.97286233323666)
[13:37:22] [Server thread/INFO]: dixminous joined the game
[13:51:34] [Server thread/WARN]: lord0gnome was kicked for floating too long!
[13:51:34] [Server thread/INFO]: lord0gnome lost connection: TextComponent{text='Flying is not enabled on this server', siblings=[], style=Style{hasParent=false, color=null, bold=null, italic=null, underlined=null, obfuscated=null, clickEvent=null, hoverEvent=null, insertion=null}}
[13:51:34] [Server thread/INFO]: lord0gnome left the game
[13:51:34] [Server thread/WARN]: handleDisconnection() called twice
[13:51:38] [User Authenticator #3/INFO]: UUID of player lord0gnome is 50b1244c-fe2e-4258-a473-810e2ef56e09
[13:51:38] [Server thread/INFO]: lord0gnome[/78.193.234.231:52898] logged in with entity id 38159 at (-6494.875392947031, 75.8500000178814, -241.6982421875)
[13:51:38] [Server thread/INFO]: lord0gnome joined the game
[13:53:22] [Server thread/WARN]: Horse moved wrongly!
[13:55:25] [Server thread/WARN]: lord0gnome moved wrongly!
[13:59:15] [Server thread/INFO]: <lord0gnome> emo
[13:59:23] [Server thread/INFO]: <dixminous> eeeeee;u
[14:03:35] [Server thread/WARN]: lord0gnome moved wrongly!
[14:04:25] [Server thread/WARN]: Horse moved wrongly!
[14:04:25] [Server thread/WARN]: Horse moved wrongly!
[14:04:25] [Server thread/WARN]: Horse moved wrongly!
[14:04:25] [Server thread/WARN]: Horse moved wrongly!
[14:04:25] [Server thread/WARN]: Horse moved wrongly!
[14:04:25] [Server thread/WARN]: Horse moved wrongly!
[14:04:25] [Server thread/WARN]: Horse moved wrongly!
[14:04:25] [Server thread/WARN]: Horse moved wrongly!
[14:04:25] [Server thread/WARN]: Horse moved wrongly!
[14:04:25] [Server thread/WARN]: Horse moved wrongly!
[14:04:25] [Server thread/WARN]: Horse moved wrongly!
[14:04:25] [Server thread/WARN]: Horse moved wrongly!
[14:04:25] [Server thread/WARN]: Horse moved wrongly!
[14:04:25] [Server thread/WARN]: Horse moved wrongly!
[14:04:25] [Server thread/WARN]: Horse moved wrongly!
[14:04:25] [Server thread/WARN]: Horse moved wrongly!
[14:04:26] [Server thread/WARN]: Horse moved wrongly!
[14:04:26] [Server thread/WARN]: Horse moved wrongly!
[14:04:26] [Server thread/WARN]: Horse moved wrongly!
[14:04:26] [Server thread/WARN]: Horse moved wrongly!
[14:04:26] [Server thread/WARN]: Horse moved wrongly!
[14:04:26] [Server thread/WARN]: Horse moved wrongly!
[14:04:26] [Server thread/WARN]: Horse moved wrongly!
[14:04:26] [Server thread/WARN]: Horse moved wrongly!
[14:04:26] [Server thread/WARN]: Horse moved wrongly!
[14:04:26] [Server thread/WARN]: Horse moved wrongly!
[14:04:26] [Server thread/WARN]: Horse moved wrongly!
[14:04:32] [Server thread/WARN]: Horse moved wrongly!
[14:04:33] [Server thread/WARN]: Horse moved wrongly!
[14:05:55] [Server thread/WARN]: Horse moved wrongly!
[14:10:41] [Server thread/WARN]: lord0gnome moved wrongly!
[14:13:01] [Server thread/WARN]: lord0gnome moved wrongly!
[14:15:29] [Server thread/WARN]: Boat moved wrongly!
[14:18:36] [Server thread/WARN]: Horse moved wrongly!
[14:18:36] [Server thread/WARN]: Horse moved wrongly!
[14:29:38] [Server thread/WARN]: Horse moved wrongly!
[14:29:40] [Server thread/WARN]: Horse moved wrongly!
[14:31:46] [Server thread/INFO]: <lord0gnome> emu's
[14:31:48] [Server thread/INFO]: <lord0gnome> are cake
[15:17:51] [Server thread/WARN]: Horse moved wrongly!
[15:19:14] [Server thread/WARN]: Horse moved wrongly!
[15:19:14] [Server thread/WARN]: Horse moved wrongly!
[15:19:45] [Server thread/WARN]: Horse moved wrongly!
[15:19:45] [Server thread/WARN]: Horse moved wrongly!
[15:19:59] [Server thread/WARN]: Horse moved wrongly!
[15:21:19] [Server thread/WARN]: Horse moved wrongly!
[15:21:19] [Server thread/WARN]: Horse moved wrongly!
[15:21:20] [Server thread/WARN]: Horse moved wrongly!
[15:21:20] [Server thread/WARN]: Horse moved wrongly!
[15:22:16] [Server thread/WARN]: lord0gnome moved wrongly!
[15:22:42] [Server thread/WARN]: Horse moved wrongly!
[15:22:42] [Server thread/WARN]: Horse moved wrongly!
[15:23:03] [Server thread/WARN]: Horse moved wrongly!
[15:23:03] [Server thread/WARN]: Horse moved wrongly!
[15:23:15] [Server thread/WARN]: Horse moved wrongly!
[15:23:15] [Server thread/WARN]: Horse moved wrongly!
[15:24:17] [Server thread/WARN]: Horse moved wrongly!
[15:25:20] [Server thread/WARN]: lord0gnome was kicked for floating too long!
[15:25:20] [Server thread/INFO]: lord0gnome lost connection: TextComponent{text='Flying is not enabled on this server', siblings=[], style=Style{hasParent=false, color=null, bold=null, italic=null, underlined=null, obfuscated=null, clickEvent=null, hoverEvent=null, insertion=null}}
[15:25:20] [Server thread/INFO]: lord0gnome left the game
[15:25:23] [User Authenticator #4/INFO]: UUID of player lord0gnome is 50b1244c-fe2e-4258-a473-810e2ef56e09
[15:25:23] [Server thread/INFO]: lord0gnome[/78.193.234.231:53324] logged in with entity id 218558 at (-5775.670397683123, 79.62254655921839, 121.2875142132851)
[15:25:23] [Server thread/INFO]: lord0gnome joined the game
[15:26:13] [Server thread/WARN]: Horse moved wrongly!
[15:26:22] [Server thread/WARN]: Horse moved wrongly!
[15:26:28] [Server thread/WARN]: Horse moved wrongly!
[16:23:52] [Server thread/INFO]: <dixminous> www
[16:23:53] [Server thread/INFO]: <lord0gnome> aa
[16:38:06] [Server thread/INFO]: dixminous lost connection: TextComponent{text='Disconnected', siblings=[], style=Style{hasParent=false, color=null, bold=null, italic=null, underlined=null, obfuscated=null, clickEvent=null, hoverEvent=null, insertion=null}}
[16:38:06] [Server thread/INFO]: dixminous left the game
[16:38:06] [Server thread/INFO]: lord0gnome lost connection: TextComponent{text='Disconnected', siblings=[], style=Style{hasParent=false, color=null, bold=null, italic=null, underlined=null, obfuscated=null, clickEvent=null, hoverEvent=null, insertion=null}}
[16:38:06] [Server thread/INFO]: lord0gnome left the game
[16:38:14] [Server thread/INFO]: Stopping the server
[16:38:14] [Server thread/INFO]: Stopping server
[16:38:14] [Server thread/INFO]: Saving players
[16:38:14] [Server thread/INFO]: Saving worlds
[16:38:14] [Server thread/INFO]: Saving chunks for level 'world'/Overworld
[16:38:14] [Server thread/INFO]: Saving chunks for level 'world'/Nether
[16:38:14] [Server thread/INFO]: Saving chunks for level 'world'/The End
[16:38:14] [Server Shutdown Thread/INFO]: Stopping server
[16:38:14] [Server Shutdown Thread/INFO]: Saving players
[16:38:14] [Server Shutdown Thread/INFO]: Saving worlds
